[ 2024-08-15T12:44:09.681315+0500 ] [ SUCCESS ] [ Abcex report has successfuly been done ]
[ 2024-08-15T12:44:09.775036+0500 ] [ ERROR ] [ Failed to start playwright: BrowserType.launch: Executable doesn't exist at /Users/vadim/Library/Caches/ms-playwright/chromium-1129/chrome-mac/Chromium.app/Contents/MacOS/Chromium
╔════════════════════════════════════════════════════════════╗
║ Looks like Playwright was just installed or updated.       ║
║ Please run the following command to download new browsers: ║
║                                                            ║
║     playwright install                                     ║
║                                                            ║
║ <3 Playwright Team                                         ║
╚════════════════════════════════════════════════════════════╝ ]
[ 2024-08-15T12:44:09.775036+0500 ] [ ERROR ] [ Failed to start playwright: BrowserType.launch: Executable doesn't exist at /Users/vadim/Library/Caches/ms-playwright/chromium-1129/chrome-mac/Chromium.app/Contents/MacOS/Chromium
╔════════════════════════════════════════════════════════════╗
║ Looks like Playwright was just installed or updated.       ║
║ Please run the following command to download new browsers: ║
║                                                            ║
║     playwright install                                     ║
║                                                            ║
║ <3 Playwright Team                                         ║
╚════════════════════════════════════════════════════════════╝ ]
[ 2024-08-15T12:44:09.874793+0500 ] [ ERROR ] [ Failed to start playwright: BrowserType.launch: Executable doesn't exist at /Users/vadim/Library/Caches/ms-playwright/chromium-1129/chrome-mac/Chromium.app/Contents/MacOS/Chromium
╔════════════════════════════════════════════════════════════╗
║ Looks like Playwright was just installed or updated.       ║
║ Please run the following command to download new browsers: ║
║                                                            ║
║     playwright install                                     ║
║                                                            ║
║ <3 Playwright Team                                         ║
╚════════════════════════════════════════════════════════════╝ ]
[ 2024-08-15T12:44:09.874793+0500 ] [ ERROR ] [ Failed to start playwright: BrowserType.launch: Executable doesn't exist at /Users/vadim/Library/Caches/ms-playwright/chromium-1129/chrome-mac/Chromium.app/Contents/MacOS/Chromium
╔════════════════════════════════════════════════════════════╗
║ Looks like Playwright was just installed or updated.       ║
║ Please run the following command to download new browsers: ║
║                                                            ║
║     playwright install                                     ║
║                                                            ║
║ <3 Playwright Team                                         ║
╚════════════════════════════════════════════════════════════╝ ]
[ 2024-08-15T12:44:35.568675+0500 ] [ ERROR ] [ Failed to retrive banks list: Expecting value: line 1 column 1 (char 0) ]
[ 2024-08-15T12:44:35.568675+0500 ] [ ERROR ] [ Failed to retrive banks list: Expecting value: line 1 column 1 (char 0) ]
[ 2024-08-15T12:44:35.574756+0500 ] [ ERROR ] [ Failed to create report - problems with banks list: Failed to retrive banks list: Expecting value: line 1 column 1 (char 0) ]
[ 2024-08-15T12:44:35.574756+0500 ] [ ERROR ] [ Failed to create report - problems with banks list: Failed to retrive banks list: Expecting value: line 1 column 1 (char 0) ]
[ 2024-08-15T12:44:36.774729+0500 ] [ ERROR ] [ Failed to retrive banks list: Expecting value: line 1 column 1 (char 0) ]
[ 2024-08-15T12:44:36.774729+0500 ] [ ERROR ] [ Failed to retrive banks list: Expecting value: line 1 column 1 (char 0) ]
[ 2024-08-15T12:44:36.775339+0500 ] [ ERROR ] [ Failed to create report - problems with banks list: Failed to retrive banks list: Expecting value: line 1 column 1 (char 0) ]
[ 2024-08-15T12:44:36.775339+0500 ] [ ERROR ] [ Failed to create report - problems with banks list: Failed to retrive banks list: Expecting value: line 1 column 1 (char 0) ]
[ 2024-08-15T12:44:38.004608+0500 ] [ ERROR ] [ Failed to retrive banks list: Expecting value: line 1 column 1 (char 0) ]
[ 2024-08-15T12:44:38.004608+0500 ] [ ERROR ] [ Failed to retrive banks list: Expecting value: line 1 column 1 (char 0) ]
[ 2024-08-15T12:44:38.005266+0500 ] [ ERROR ] [ Failed to create report - problems with banks list: Failed to retrive banks list: Expecting value: line 1 column 1 (char 0) ]
[ 2024-08-15T12:44:38.005266+0500 ] [ ERROR ] [ Failed to create report - problems with banks list: Failed to retrive banks list: Expecting value: line 1 column 1 (char 0) ]
[ 2024-08-15T12:44:39.591173+0500 ] [ DEBUG ] [ Token is received! ]
[ 2024-08-15T12:44:39.591173+0500 ] [ DEBUG ] [ Token is received! ]
[ 2024-08-15T12:44:41.016385+0500 ] [ SUCCESS ] [ Abcex report has successfuly been done ]
[ 2024-08-15T12:44:41.016385+0500 ] [ SUCCESS ] [ Abcex report has successfuly been done ]
[ 2024-08-15T12:44:41.211027+0500 ] [ ERROR ] [ Failed to start playwright: BrowserType.launch: Executable doesn't exist at /Users/vadim/Library/Caches/ms-playwright/chromium-1129/chrome-mac/Chromium.app/Contents/MacOS/Chromium
╔════════════════════════════════════════════════════════════╗
║ Looks like Playwright was just installed or updated.       ║
║ Please run the following command to download new browsers: ║
║                                                            ║
║     playwright install                                     ║
║                                                            ║
║ <3 Playwright Team                                         ║
╚════════════════════════════════════════════════════════════╝ ]
[ 2024-08-15T12:44:41.211027+0500 ] [ ERROR ] [ Failed to start playwright: BrowserType.launch: Executable doesn't exist at /Users/vadim/Library/Caches/ms-playwright/chromium-1129/chrome-mac/Chromium.app/Contents/MacOS/Chromium
╔════════════════════════════════════════════════════════════╗
║ Looks like Playwright was just installed or updated.       ║
║ Please run the following command to download new browsers: ║
║                                                            ║
║     playwright install                                     ║
║                                                            ║
║ <3 Playwright Team                                         ║
╚════════════════════════════════════════════════════════════╝ ]
[ 2024-08-15T12:44:47.621406+0500 ] [ ERROR ] [ Failed to retrive banks list: Expecting value: line 1 column 1 (char 0) ]
[ 2024-08-15T12:44:47.621406+0500 ] [ ERROR ] [ Failed to retrive banks list: Expecting value: line 1 column 1 (char 0) ]
[ 2024-08-15T12:44:47.624571+0500 ] [ ERROR ] [ Failed to create report - problems with banks list: Failed to retrive banks list: Expecting value: line 1 column 1 (char 0) ]
[ 2024-08-15T12:44:47.624571+0500 ] [ ERROR ] [ Failed to create report - problems with banks list: Failed to retrive banks list: Expecting value: line 1 column 1 (char 0) ]
[ 2024-08-15T12:44:48.839211+0500 ] [ ERROR ] [ Failed to retrive banks list: Expecting value: line 1 column 1 (char 0) ]
[ 2024-08-15T12:44:48.839211+0500 ] [ ERROR ] [ Failed to retrive banks list: Expecting value: line 1 column 1 (char 0) ]
[ 2024-08-15T12:44:48.839615+0500 ] [ ERROR ] [ Failed to create report - problems with banks list: Failed to retrive banks list: Expecting value: line 1 column 1 (char 0) ]
[ 2024-08-15T12:44:48.839615+0500 ] [ ERROR ] [ Failed to create report - problems with banks list: Failed to retrive banks list: Expecting value: line 1 column 1 (char 0) ]
[ 2024-08-15T12:44:50.035976+0500 ] [ ERROR ] [ Failed to retrive banks list: Expecting value: line 1 column 1 (char 0) ]
[ 2024-08-15T12:44:50.035976+0500 ] [ ERROR ] [ Failed to retrive banks list: Expecting value: line 1 column 1 (char 0) ]
[ 2024-08-15T12:44:50.036435+0500 ] [ ERROR ] [ Failed to create report - problems with banks list: Failed to retrive banks list: Expecting value: line 1 column 1 (char 0) ]
[ 2024-08-15T12:44:50.036435+0500 ] [ ERROR ] [ Failed to create report - problems with banks list: Failed to retrive banks list: Expecting value: line 1 column 1 (char 0) ]
[ 2024-08-15T12:44:51.667959+0500 ] [ DEBUG ] [ Token is received! ]
[ 2024-08-15T12:44:51.667959+0500 ] [ DEBUG ] [ Token is received! ]
[ 2024-08-15T12:44:53.168456+0500 ] [ SUCCESS ] [ Abcex report has successfuly been done ]
[ 2024-08-15T12:44:53.168456+0500 ] [ SUCCESS ] [ Abcex report has successfuly been done ]
[ 2024-08-15T12:44:53.331516+0500 ] [ ERROR ] [ Failed to start playwright: BrowserType.launch: Executable doesn't exist at /Users/vadim/Library/Caches/ms-playwright/chromium-1129/chrome-mac/Chromium.app/Contents/MacOS/Chromium
╔════════════════════════════════════════════════════════════╗
║ Looks like Playwright was just installed or updated.       ║
║ Please run the following command to download new browsers: ║
║                                                            ║
║     playwright install                                     ║
║                                                            ║
║ <3 Playwright Team                                         ║
╚════════════════════════════════════════════════════════════╝ ]
[ 2024-08-15T12:44:53.331516+0500 ] [ ERROR ] [ Failed to start playwright: BrowserType.launch: Executable doesn't exist at /Users/vadim/Library/Caches/ms-playwright/chromium-1129/chrome-mac/Chromium.app/Contents/MacOS/Chromium
╔════════════════════════════════════════════════════════════╗
║ Looks like Playwright was just installed or updated.       ║
║ Please run the following command to download new browsers: ║
║                                                            ║
║     playwright install                                     ║
║                                                            ║
║ <3 Playwright Team                                         ║
╚════════════════════════════════════════════════════════════╝ ]
[ 2024-08-15T12:45:11.457453+0500 ] [ ERROR ] [ Failed to retrive banks list: Expecting value: line 1 column 1 (char 0) ]
[ 2024-08-15T12:45:11.457453+0500 ] [ ERROR ] [ Failed to retrive banks list: Expecting value: line 1 column 1 (char 0) ]
[ 2024-08-15T12:45:11.461134+0500 ] [ ERROR ] [ Failed to create report - problems with banks list: Failed to retrive banks list: Expecting value: line 1 column 1 (char 0) ]
[ 2024-08-15T12:45:11.461134+0500 ] [ ERROR ] [ Failed to create report - problems with banks list: Failed to retrive banks list: Expecting value: line 1 column 1 (char 0) ]
[ 2024-08-15T12:45:12.692110+0500 ] [ ERROR ] [ Failed to retrive banks list: Expecting value: line 1 column 1 (char 0) ]
[ 2024-08-15T12:45:12.692110+0500 ] [ ERROR ] [ Failed to retrive banks list: Expecting value: line 1 column 1 (char 0) ]
[ 2024-08-15T12:45:12.692718+0500 ] [ ERROR ] [ Failed to create report - problems with banks list: Failed to retrive banks list: Expecting value: line 1 column 1 (char 0) ]
[ 2024-08-15T12:45:12.692718+0500 ] [ ERROR ] [ Failed to create report - problems with banks list: Failed to retrive banks list: Expecting value: line 1 column 1 (char 0) ]
[ 2024-08-15T12:45:12.768564+0500 ] [ ERROR ] [ Failed to retrive banks list: Expecting value: line 1 column 1 (char 0) ]
[ 2024-08-15T12:45:12.768564+0500 ] [ ERROR ] [ Failed to retrive banks list: Expecting value: line 1 column 1 (char 0) ]
[ 2024-08-15T12:45:12.769394+0500 ] [ ERROR ] [ Failed to create report - problems with banks list: Failed to retrive banks list: Expecting value: line 1 column 1 (char 0) ]
[ 2024-08-15T12:45:12.769394+0500 ] [ ERROR ] [ Failed to create report - problems with banks list: Failed to retrive banks list: Expecting value: line 1 column 1 (char 0) ]
[ 2024-08-15T12:45:13.923069+0500 ] [ ERROR ] [ Failed to retrive banks list: Expecting value: line 1 column 1 (char 0) ]
[ 2024-08-15T12:45:13.923069+0500 ] [ ERROR ] [ Failed to retrive banks list: Expecting value: line 1 column 1 (char 0) ]
[ 2024-08-15T12:45:13.923653+0500 ] [ ERROR ] [ Failed to create report - problems with banks list: Failed to retrive banks list: Expecting value: line 1 column 1 (char 0) ]
[ 2024-08-15T12:45:13.923653+0500 ] [ ERROR ] [ Failed to create report - problems with banks list: Failed to retrive banks list: Expecting value: line 1 column 1 (char 0) ]
[ 2024-08-15T12:45:13.972364+0500 ] [ ERROR ] [ Failed to retrive banks list: Expecting value: line 1 column 1 (char 0) ]
[ 2024-08-15T12:45:13.972364+0500 ] [ ERROR ] [ Failed to retrive banks list: Expecting value: line 1 column 1 (char 0) ]
[ 2024-08-15T12:45:13.973367+0500 ] [ ERROR ] [ Failed to create report - problems with banks list: Failed to retrive banks list: Expecting value: line 1 column 1 (char 0) ]
[ 2024-08-15T12:45:13.973367+0500 ] [ ERROR ] [ Failed to create report - problems with banks list: Failed to retrive banks list: Expecting value: line 1 column 1 (char 0) ]
[ 2024-08-15T12:45:15.204722+0500 ] [ ERROR ] [ Failed to retrive banks list: Expecting value: line 1 column 1 (char 0) ]
[ 2024-08-15T12:45:15.204722+0500 ] [ ERROR ] [ Failed to retrive banks list: Expecting value: line 1 column 1 (char 0) ]
[ 2024-08-15T12:45:15.205520+0500 ] [ ERROR ] [ Failed to create report - problems with banks list: Failed to retrive banks list: Expecting value: line 1 column 1 (char 0) ]
[ 2024-08-15T12:45:15.205520+0500 ] [ ERROR ] [ Failed to create report - problems with banks list: Failed to retrive banks list: Expecting value: line 1 column 1 (char 0) ]
[ 2024-08-15T12:45:17.375024+0500 ] [ DEBUG ] [ Token is received! ]
[ 2024-08-15T12:45:17.375024+0500 ] [ DEBUG ] [ Token is received! ]
[ 2024-08-15T12:45:19.218640+0500 ] [ DEBUG ] [ Token is received! ]
[ 2024-08-15T12:45:19.218640+0500 ] [ DEBUG ] [ Token is received! ]
[ 2024-08-15T12:45:20.872946+0500 ] [ SUCCESS ] [ Abcex report has successfuly been done ]
[ 2024-08-15T12:45:20.872946+0500 ] [ SUCCESS ] [ Abcex report has successfuly been done ]
[ 2024-08-15T12:45:21.063800+0500 ] [ ERROR ] [ Failed to start playwright: BrowserType.launch: Executable doesn't exist at /Users/vadim/Library/Caches/ms-playwright/chromium-1129/chrome-mac/Chromium.app/Contents/MacOS/Chromium
╔════════════════════════════════════════════════════════════╗
║ Looks like Playwright was just installed or updated.       ║
║ Please run the following command to download new browsers: ║
║                                                            ║
║     playwright install                                     ║
║                                                            ║
║ <3 Playwright Team                                         ║
╚════════════════════════════════════════════════════════════╝ ]
[ 2024-08-15T12:45:21.063800+0500 ] [ ERROR ] [ Failed to start playwright: BrowserType.launch: Executable doesn't exist at /Users/vadim/Library/Caches/ms-playwright/chromium-1129/chrome-mac/Chromium.app/Contents/MacOS/Chromium
╔════════════════════════════════════════════════════════════╗
║ Looks like Playwright was just installed or updated.       ║
║ Please run the following command to download new browsers: ║
║                                                            ║
║     playwright install                                     ║
║                                                            ║
║ <3 Playwright Team                                         ║
╚════════════════════════════════════════════════════════════╝ ]
[ 2024-08-15T12:45:22.701134+0500 ] [ SUCCESS ] [ Abcex report has successfuly been done ]
[ 2024-08-15T12:45:22.701134+0500 ] [ SUCCESS ] [ Abcex report has successfuly been done ]
[ 2024-08-15T12:45:22.872625+0500 ] [ ERROR ] [ Failed to start playwright: BrowserType.launch: Executable doesn't exist at /Users/vadim/Library/Caches/ms-playwright/chromium-1129/chrome-mac/Chromium.app/Contents/MacOS/Chromium
╔════════════════════════════════════════════════════════════╗
║ Looks like Playwright was just installed or updated.       ║
║ Please run the following command to download new browsers: ║
║                                                            ║
║     playwright install                                     ║
║                                                            ║
║ <3 Playwright Team                                         ║
╚════════════════════════════════════════════════════════════╝ ]
[ 2024-08-15T12:45:22.872625+0500 ] [ ERROR ] [ Failed to start playwright: BrowserType.launch: Executable doesn't exist at /Users/vadim/Library/Caches/ms-playwright/chromium-1129/chrome-mac/Chromium.app/Contents/MacOS/Chromium
╔════════════════════════════════════════════════════════════╗
║ Looks like Playwright was just installed or updated.       ║
║ Please run the following command to download new browsers: ║
║                                                            ║
║     playwright install                                     ║
║                                                            ║
║ <3 Playwright Team                                         ║
╚════════════════════════════════════════════════════════════╝ ]
[ 2024-08-15T12:45:31.062206+0500 ] [ ERROR ] [ Failed to retrive banks list: Expecting value: line 1 column 1 (char 0) ]
[ 2024-08-15T12:45:31.062206+0500 ] [ ERROR ] [ Failed to retrive banks list: Expecting value: line 1 column 1 (char 0) ]
[ 2024-08-15T12:45:31.067332+0500 ] [ ERROR ] [ Failed to create report - problems with banks list: Failed to retrive banks list: Expecting value: line 1 column 1 (char 0) ]
[ 2024-08-15T12:45:31.067332+0500 ] [ ERROR ] [ Failed to create report - problems with banks list: Failed to retrive banks list: Expecting value: line 1 column 1 (char 0) ]
[ 2024-08-15T12:45:32.276706+0500 ] [ ERROR ] [ Failed to retrive banks list: Expecting value: line 1 column 1 (char 0) ]
[ 2024-08-15T12:45:32.276706+0500 ] [ ERROR ] [ Failed to retrive banks list: Expecting value: line 1 column 1 (char 0) ]
[ 2024-08-15T12:45:32.277355+0500 ] [ ERROR ] [ Failed to create report - problems with banks list: Failed to retrive banks list: Expecting value: line 1 column 1 (char 0) ]
[ 2024-08-15T12:45:32.277355+0500 ] [ ERROR ] [ Failed to create report - problems with banks list: Failed to retrive banks list: Expecting value: line 1 column 1 (char 0) ]
[ 2024-08-15T12:45:33.511272+0500 ] [ ERROR ] [ Failed to retrive banks list: Expecting value: line 1 column 1 (char 0) ]
[ 2024-08-15T12:45:33.511272+0500 ] [ ERROR ] [ Failed to retrive banks list: Expecting value: line 1 column 1 (char 0) ]
[ 2024-08-15T12:45:33.512381+0500 ] [ ERROR ] [ Failed to create report - problems with banks list: Failed to retrive banks list: Expecting value: line 1 column 1 (char 0) ]
[ 2024-08-15T12:45:33.512381+0500 ] [ ERROR ] [ Failed to create report - problems with banks list: Failed to retrive banks list: Expecting value: line 1 column 1 (char 0) ]
[ 2024-08-15T12:45:35.085119+0500 ] [ DEBUG ] [ Token is received! ]
[ 2024-08-15T12:45:35.085119+0500 ] [ DEBUG ] [ Token is received! ]
[ 2024-08-15T12:45:36.389898+0500 ] [ SUCCESS ] [ Abcex report has successfuly been done ]
[ 2024-08-15T12:45:36.389898+0500 ] [ SUCCESS ] [ Abcex report has successfuly been done ]
[ 2024-08-15T12:45:36.554897+0500 ] [ ERROR ] [ Failed to start playwright: BrowserType.launch: Executable doesn't exist at /Users/vadim/Library/Caches/ms-playwright/chromium-1129/chrome-mac/Chromium.app/Contents/MacOS/Chromium
╔════════════════════════════════════════════════════════════╗
║ Looks like Playwright was just installed or updated.       ║
║ Please run the following command to download new browsers: ║
║                                                            ║
║     playwright install                                     ║
║                                                            ║
║ <3 Playwright Team                                         ║
╚════════════════════════════════════════════════════════════╝ ]
[ 2024-08-15T12:45:36.554897+0500 ] [ ERROR ] [ Failed to start playwright: BrowserType.launch: Executable doesn't exist at /Users/vadim/Library/Caches/ms-playwright/chromium-1129/chrome-mac/Chromium.app/Contents/MacOS/Chromium
╔════════════════════════════════════════════════════════════╗
║ Looks like Playwright was just installed or updated.       ║
║ Please run the following command to download new browsers: ║
║                                                            ║
║     playwright install                                     ║
║                                                            ║
║ <3 Playwright Team                                         ║
╚════════════════════════════════════════════════════════════╝ ]
